

Microchip Technology PIC LITE Macro Assembler V1.35 build -356382666 
                                                                                               Mon Nov 02 21:18:06 2015

Microchip Technology Omniscient Code Generator v1.35 (Free mode) build 201507080246
     1                           	processor	16F877A
     2                           	opt	pw 120
     3                           	opt	lm
     4                           	psect	cinit,global,class=CODE,merge=1,delta=2
     5                           	psect	cstackCOMMON,global,class=COMMON,space=1,delta=1
     6                           	psect	maintext,global,class=CODE,split=1,delta=2
     7                           	psect	text1,local,class=CODE,merge=1,delta=2
     8                           	psect	text2,local,class=CODE,merge=1,delta=2
     9                           	psect	intentry,global,class=CODE,delta=2
    10                           	dabs	1,0x7E,2
    11  0000                     	;# 
    12  0001                     	;# 
    13  0002                     	;# 
    14  0003                     	;# 
    15  0004                     	;# 
    16  0005                     	;# 
    17  0006                     	;# 
    18  0007                     	;# 
    19  0008                     	;# 
    20  0009                     	;# 
    21  000A                     	;# 
    22  000B                     	;# 
    23  000C                     	;# 
    24  000D                     	;# 
    25  000E                     	;# 
    26  000E                     	;# 
    27  000F                     	;# 
    28  0010                     	;# 
    29  0011                     	;# 
    30  0012                     	;# 
    31  0013                     	;# 
    32  0014                     	;# 
    33  0015                     	;# 
    34  0015                     	;# 
    35  0016                     	;# 
    36  0017                     	;# 
    37  0018                     	;# 
    38  0019                     	;# 
    39  001A                     	;# 
    40  001B                     	;# 
    41  001B                     	;# 
    42  001C                     	;# 
    43  001D                     	;# 
    44  001E                     	;# 
    45  001F                     	;# 
    46  0081                     	;# 
    47  0085                     	;# 
    48  0086                     	;# 
    49  0087                     	;# 
    50  0088                     	;# 
    51  0089                     	;# 
    52  008C                     	;# 
    53  008D                     	;# 
    54  008E                     	;# 
    55  0091                     	;# 
    56  0092                     	;# 
    57  0093                     	;# 
    58  0094                     	;# 
    59  0098                     	;# 
    60  0099                     	;# 
    61  009C                     	;# 
    62  009D                     	;# 
    63  009E                     	;# 
    64  009F                     	;# 
    65  010C                     	;# 
    66  010D                     	;# 
    67  010E                     	;# 
    68  010F                     	;# 
    69  018C                     	;# 
    70  018D                     	;# 
    71  000E                     _TMR1	set	14
    72  000B                     _INTCONbits	set	11
    73  000C                     _PIR1bits	set	12
    74  0005                     _PORTA	set	5
    75  0008                     _PORTD	set	8
    76  0008                     _PORTDbits	set	8
    77  0010                     _T1CONbits	set	16
    78  008C                     _PIE1bits	set	140
    79  0085                     _TRISA	set	133
    80  0088                     _TRISD	set	136
    81                           
    82                           ; #config settings
    83  0000                     
    84                           	psect	cinit
    85  0015                     start_initialization:	
    86  0015                     __initialization:	
    87  0015                     end_of_initialization:	
    88                           ;End of C runtime variable initialization code
    89                           
    90  0015                     __end_of__initialization:	
    91  0015  0183               	clrf	3
    92  0016  120A  118A  2836   	ljmp	_main	;jump to C main() function
    93                           
    94                           	psect	cstackCOMMON
    95  0070                     __pcstackCOMMON:	
    96  0070                     ?_InitTimer1:	
    97  0070                     ?_ISR:	
    98                           ; 0 bytes @ 0x0
    99                           
   100  0070                     ??_ISR:	
   101                           ; 0 bytes @ 0x0
   102                           
   103  0070                     ?_main:	
   104                           ; 0 bytes @ 0x0
   105                           
   106                           
   107                           ; 2 bytes @ 0x0
   108  0070                     	ds	4
   109  0074                     ??_InitTimer1:	
   110  0074                     ??_main:	
   111                           ; 0 bytes @ 0x4
   112                           
   113                           
   114                           	psect	maintext
   115  0036                     __pmaintext:	
   116                           ; 0 bytes @ 0x4
   117 ;;
   118 ;;Main: autosize = 0, tempsize = 0, incstack = 0, save=0
   119 ;;
   120 ;; *************** function _main *****************
   121 ;; Defined at:
   122 ;;		line 24 in file "newmain.c"
   123 ;; Parameters:    Size  Location     Type
   124 ;;		None
   125 ;; Auto vars:     Size  Location     Type
   126 ;;		None
   127 ;; Return value:  Size  Location     Type
   128 ;;                  2   24[None  ] int 
   129 ;; Registers used:
   130 ;;		wreg, status,2, status,0, pclath, cstack
   131 ;; Tracked objects:
   132 ;;		On entry : B00/0
   133 ;;		On exit  : 0/0
   134 ;;		Unchanged: 0/0
   135 ;; Data sizes:     COMMON   BANK0   BANK1   BANK3   BANK2
   136 ;;      Params:         0       0       0       0       0
   137 ;;      Locals:         0       0       0       0       0
   138 ;;      Temps:          0       0       0       0       0
   139 ;;      Totals:         0       0       0       0       0
   140 ;;Total ram usage:        0 bytes
   141 ;; Hardware stack levels required when called:    2
   142 ;; This function calls:
   143 ;;		_InitTimer1
   144 ;; This function is called by:
   145 ;;		Startup code after reset
   146 ;; This function uses a non-reentrant model
   147 ;;
   148                           
   149                           
   150                           ;psect for function _main
   151  0036                     _main:	
   152                           
   153                           ;newmain.c: 26: InitTimer1();
   154                           
   155                           ;incstack = 0
   156                           ; Regs used in _main: [wreg+status,2+status,0+pclath+cstack]
   157  0036  120A  118A  2048  120A  118A  	fcall	_InitTimer1
   158                           
   159                           ;newmain.c: 27: TRISD = 0x00;
   160  003B  1683               	bsf	3,5	;RP0=1, select bank1
   161  003C  1303               	bcf	3,6	;RP1=0, select bank1
   162  003D  0188               	clrf	8	;volatile
   163                           
   164                           ;newmain.c: 28: TRISA = 0x00;
   165  003E  0185               	clrf	5	;volatile
   166                           
   167                           ;newmain.c: 29: PORTA=0x01;
   168  003F  3001               	movlw	1
   169  0040  1283               	bcf	3,5	;RP0=0, select bank0
   170  0041  1303               	bcf	3,6	;RP1=0, select bank0
   171  0042  0085               	movwf	5	;volatile
   172                           
   173                           ;newmain.c: 30: PORTD=0xFF;
   174  0043  30FF               	movlw	255
   175  0044  0088               	movwf	8	;volatile
   176                           
   177                           ;newmain.c: 31: INTCONbits.GIE=1;
   178  0045  178B               	bsf	11,7	;volatile
   179                           
   180                           ;newmain.c: 32: INTCONbits.PEIE=1;
   181  0046  170B               	bsf	11,6	;volatile
   182  0047                     l25:	
   183                           ;newmain.c: 34: while(1);
   184                           
   185  0047  2847               	goto	l25
   186  0048                     __end_of_main:	
   187                           ;newmain.c: 35: return 0;
   188                           ;	Return value of _main is never used
   189                           
   190                           
   191                           	psect	text1
   192  0048                     __ptext1:	
   193 ;; *************** function _InitTimer1 *****************
   194 ;; Defined at:
   195 ;;		line 38 in file "newmain.c"
   196 ;; Parameters:    Size  Location     Type
   197 ;;		None
   198 ;; Auto vars:     Size  Location     Type
   199 ;;		None
   200 ;; Return value:  Size  Location     Type
   201 ;;		None               void
   202 ;; Registers used:
   203 ;;		None
   204 ;; Tracked objects:
   205 ;;		On entry : 0/0
   206 ;;		On exit  : 0/0
   207 ;;		Unchanged: 0/0
   208 ;; Data sizes:     COMMON   BANK0   BANK1   BANK3   BANK2
   209 ;;      Params:         0       0       0       0       0
   210 ;;      Locals:         0       0       0       0       0
   211 ;;      Temps:          0       0       0       0       0
   212 ;;      Totals:         0       0       0       0       0
   213 ;;Total ram usage:        0 bytes
   214 ;; Hardware stack levels used:    1
   215 ;; Hardware stack levels required when called:    1
   216 ;; This function calls:
   217 ;;		Nothing
   218 ;; This function is called by:
   219 ;;		_main
   220 ;; This function uses a non-reentrant model
   221 ;;
   222                           
   223                           
   224                           ;psect for function _InitTimer1
   225  0048                     _InitTimer1:	
   226                           
   227                           ;newmain.c: 40: T1CONbits.T1CKPS0=1;
   228                           
   229                           ;incstack = 0
   230                           ; Regs used in _InitTimer1: []
   231  0048  1283               	bcf	3,5	;RP0=0, select bank0
   232  0049  1303               	bcf	3,6	;RP1=0, select bank0
   233  004A  1610               	bsf	16,4	;volatile
   234                           
   235                           ;newmain.c: 41: T1CONbits.T1CKPS1=0;
   236  004B  1290               	bcf	16,5	;volatile
   237                           
   238                           ;newmain.c: 42: T1CONbits.T1OSCEN=1;
   239  004C  1590               	bsf	16,3	;volatile
   240                           
   241                           ;newmain.c: 43: PIE1bits.TMR1IE=1;
   242  004D  1683               	bsf	3,5	;RP0=1, select bank1
   243  004E  1303               	bcf	3,6	;RP1=0, select bank1
   244  004F  140C               	bsf	12,0	;volatile
   245                           
   246                           ;newmain.c: 44: T1CONbits.TMR1ON=1;
   247  0050  1283               	bcf	3,5	;RP0=0, select bank0
   248  0051  1303               	bcf	3,6	;RP1=0, select bank0
   249  0052  1410               	bsf	16,0	;volatile
   250  0053  0008               	return
   251  0054                     __end_of_InitTimer1:	
   252                           
   253                           	psect	text2
   254  0019                     __ptext2:	
   255 ;; *************** function _ISR *****************
   256 ;; Defined at:
   257 ;;		line 47 in file "newmain.c"
   258 ;; Parameters:    Size  Location     Type
   259 ;;		None
   260 ;; Auto vars:     Size  Location     Type
   261 ;;		None
   262 ;; Return value:  Size  Location     Type
   263 ;;		None               void
   264 ;; Registers used:
   265 ;;		status,2
   266 ;; Tracked objects:
   267 ;;		On entry : 0/0
   268 ;;		On exit  : 0/0
   269 ;;		Unchanged: 0/0
   270 ;; Data sizes:     COMMON   BANK0   BANK1   BANK3   BANK2
   271 ;;      Params:         0       0       0       0       0
   272 ;;      Locals:         0       0       0       0       0
   273 ;;      Temps:          4       0       0       0       0
   274 ;;      Totals:         4       0       0       0       0
   275 ;;Total ram usage:        4 bytes
   276 ;; Hardware stack levels used:    1
   277 ;; This function calls:
   278 ;;		Nothing
   279 ;; This function is called by:
   280 ;;		Interrupt level 1
   281 ;; This function uses a non-reentrant model
   282 ;;
   283                           
   284                           
   285                           ;psect for function _ISR
   286  0019                     _ISR:	
   287                           
   288                           ;newmain.c: 49: if (PIR1bits.TMR1IF==1)
   289  0019  1C0C               	btfss	12,0	;volatile
   290  001A  282B               	goto	i1l35
   291                           
   292                           ;newmain.c: 50: {
   293                           ;newmain.c: 52: PORTD ^= PORTD;
   294  001B  0188               	clrf	8	;volatile
   295                           
   296                           ;newmain.c: 53: PORTDbits.RD0 ^= PORTDbits.RD0;
   297  001C  1C08               	btfss	8,0	;volatile
   298  001D  2823               	goto	i1l517
   299  001E  1808               	btfsc	8,0	;volatile
   300  001F  2822               	goto	u2_20
   301  0020  1408               	bsf	8,0	;volatile
   302  0021  2823               	goto	i1l517
   303  0022                     u2_20:	
   304  0022  1008               	bcf	8,0	;volatile
   305  0023                     i1l517:	
   306                           
   307                           ;newmain.c: 55: TMR1=0xffff;
   308  0023  30FF               	movlw	255
   309  0024  1283               	bcf	3,5	;RP0=0, select bank0
   310  0025  1303               	bcf	3,6	;RP1=0, select bank0
   311  0026  008F               	movwf	15	;volatile
   312  0027  30FF               	movlw	255
   313  0028  008E               	movwf	14	;volatile
   314                           
   315                           ;newmain.c: 56: PIR1bits.TMR1IF=0;
   316  0029  100C               	bcf	12,0	;volatile
   317                           
   318                           ;newmain.c: 57: T1CONbits.TMR1ON=1;
   319  002A  1410               	bsf	16,0	;volatile
   320  002B                     i1l35:	
   321  002B  0873               	movf	??_ISR+3,w
   322  002C  00FF               	movwf	127
   323  002D  0872               	movf	??_ISR+2,w
   324  002E  008A               	movwf	10
   325  002F  0871               	movf	??_ISR+1,w
   326  0030  0084               	movwf	4
   327  0031  0E70               	swapf	??_ISR^(0+-128),w
   328  0032  0083               	movwf	3
   329  0033  0EFE               	swapf	126,f
   330  0034  0E7E               	swapf	126,w
   331  0035  0009               	retfie
   332  0036                     __end_of_ISR:	
   333  007E                     btemp	set	126	;btemp
   334  007E                     wtemp	set	126
   335  007E                     wtemp0	set	126
   336  0080                     wtemp1	set	128
   337  0082                     wtemp2	set	130
   338  0084                     wtemp3	set	132
   339  0086                     wtemp4	set	134
   340  0088                     wtemp5	set	136
   341  007F                     wtemp6	set	127
   342  007E                     ttemp	set	126
   343  007E                     ttemp0	set	126
   344  0081                     ttemp1	set	129
   345  0084                     ttemp2	set	132
   346  0087                     ttemp3	set	135
   347  007F                     ttemp4	set	127
   348  007E                     ltemp	set	126
   349  007E                     ltemp0	set	126
   350  0082                     ltemp1	set	130
   351  0086                     ltemp2	set	134
   352  0080                     ltemp3	set	128
   353                           
   354                           	psect	intentry
   355  0004                     __pintentry:	
   356                           ;incstack = 0
   357                           ; Regs used in _ISR: [status,2]
   358                           
   359  0004                     interrupt_function:	
   360  007E                     saved_w	set	btemp
   361  0004  00FE               	movwf	btemp
   362  0005  0E03               	swapf	3,w
   363  0006  00F0               	movwf	??_ISR
   364  0007  0804               	movf	4,w
   365  0008  00F1               	movwf	??_ISR+1
   366  0009  080A               	movf	10,w
   367  000A  00F2               	movwf	??_ISR+2
   368  000B  1283               	bcf	3,5	;RP0=0, select bank0
   369  000C  1303               	bcf	3,6	;RP1=0, select bank0
   370  000D  087F               	movf	btemp+1,w
   371  000E  00F3               	movwf	??_ISR+3
   372  000F  120A  118A  2819   	ljmp	_ISR


Data Sizes:
    Strings     0
    Constant    0
    Data        0
    BSS         0
    Persistent  0
    Stack       0

Auto Spaces:
    Space          Size  Autos    Used
    COMMON           14      4       4
    BANK0            80      0       0
    BANK1            80      0       0
    BANK3            96      0       0
    BANK2            96      0       0

Pointer List with Targets:

    None.

Critical Paths under _main in COMMON

    None.

Critical Paths under _ISR in COMMON

    None.

Critical Paths under _main in BANK0

    None.

Critical Paths under _ISR in BANK0

    None.

Critical Paths under _main in BANK1

    None.

Critical Paths under _ISR in BANK1

    None.

Critical Paths under _main in BANK3

    None.

Critical Paths under _ISR in BANK3

    None.

Critical Paths under _main in BANK2

    None.

Critical Paths under _ISR in BANK2

    None.

Call Graph Tables:

 ---------------------------------------------------------------------------------
 (Depth) Function   	        Calls       Base Space   Used Autos Params    Refs
 ---------------------------------------------------------------------------------
 (0) _main                                                 0     0      0       0
                         _InitTimer1
 ---------------------------------------------------------------------------------
 (1) _InitTimer1                                           0     0      0       0
 ---------------------------------------------------------------------------------
 Estimated maximum stack depth 1
 ---------------------------------------------------------------------------------
 (Depth) Function   	        Calls       Base Space   Used Autos Params    Refs
 ---------------------------------------------------------------------------------
 (2) _ISR                                                  4     4      0       0
                                              0 COMMON     4     4      0
 ---------------------------------------------------------------------------------
 Estimated maximum stack depth 2
 ---------------------------------------------------------------------------------

 Call Graph Graphs:

 _main (ROOT)
   _InitTimer1

 _ISR (ROOT)

 Address spaces:
Name               Size   Autos  Total    Cost      Usage
BITCOMMON            E      0       0       0        0.0%
EEDATA             100      0       0       0        0.0%
NULL                 0      0       0       0        0.0%
CODE                 0      0       0       0        0.0%
COMMON               E      4       4       1       28.6%
BITSFR0              0      0       0       1        0.0%
SFR0                 0      0       0       1        0.0%
BITSFR1              0      0       0       2        0.0%
SFR1                 0      0       0       2        0.0%
STACK                0      0       0       2        0.0%
ABS                  0      0       0       3        0.0%
BITBANK0            50      0       0       4        0.0%
BITSFR3              0      0       0       4        0.0%
SFR3                 0      0       0       4        0.0%
BANK0               50      0       0       5        0.0%
BITSFR2              0      0       0       5        0.0%
SFR2                 0      0       0       5        0.0%
BITBANK1            50      0       0       6        0.0%
BANK1               50      0       0       7        0.0%
BITBANK3            60      0       0       8        0.0%
BANK3               60      0       0       9        0.0%
BITBANK2            60      0       0      10        0.0%
BANK2               60      0       0      11        0.0%
DATA                 0      0       0      12        0.0%


Microchip Technology PIC Macro Assembler V1.35 build -356382666 
Symbol Table                                                                                   Mon Nov 02 21:18:06 2015

            __CFG_CP$OFF 0000                       l25 0047             __CFG_CPD$OFF 0000  
                    _ISR 0019                      fsr0 0004             __CFG_FOSC$HS 0000  
           __CFG_LVP$OFF 0000                     ?_ISR 0070                     i1l35 002B  
                   _TMR1 000E                     u2_20 0022             __CFG_WRT$OFF 0000  
                   _main 0036                     btemp 007E                     ltemp 007E  
                   start 0012                     ttemp 007E                     wtemp 007E  
                  ??_ISR 0070                    ?_main 0070            __CFG_WDTE$OFF 0000  
                  i1l517 0023                    _PORTA 0005                    _PORTD 0008  
                  _TRISA 0085                    _TRISD 0088           __CFG_BOREN$OFF 0000  
                  pclath 000A                    ltemp0 007E                    ltemp1 0082  
                  ltemp2 0086                    ltemp3 0080                    ttemp0 007E  
                  ttemp1 0081                    ttemp2 0084                    ttemp3 0087  
                  ttemp4 007F                    status 0003                    wtemp0 007E  
                  wtemp1 0080                    wtemp2 0082                    wtemp3 0084  
                  wtemp4 0086                    wtemp5 0088                    wtemp6 007F  
        __initialization 0015               _InitTimer1 0048             __end_of_main 0048  
                 ??_main 0074           __CFG_PWRTE$OFF 0000                   saved_w 007E  
__end_of__initialization 0015              ?_InitTimer1 0070           __pcstackCOMMON 0070  
             __pmaintext 0036               __pintentry 0004      __size_of_InitTimer1 000C  
                __ptext1 0048                  __ptext2 0019             __size_of_ISR 001D  
              _T1CONbits 0010     end_of_initialization 0015                _PORTDbits 0008  
           ??_InitTimer1 0074      start_initialization 0015              __end_of_ISR 0036  
     __end_of_InitTimer1 0054                ___latbits 0002        interrupt_function 0004  
               _PIE1bits 008C                 _PIR1bits 000C            __size_of_main 0012  
             _INTCONbits 000B                 intlevel1 0000  
